<?xml version="1.0" encoding="UTF-8"?>
<coverage generated="1608188759335" clover="3.2.0">
  <project timestamp="1608188759335" name="All files">
    <metrics statements="5" coveredstatements="0" conditionals="0" coveredconditionals="0" methods="3" coveredmethods="0" elements="8" coveredelements="0" complexity="0" loc="5" ncloc="5" packages="1" files="3" classes="3"/>
    <file name="EventList.js" path="/Users/birtegall/Workspace/CareerFoundry/meet/src/EventList.js">
      <metrics statements="3" coveredstatements="0" conditionals="0" coveredconditionals="0" methods="2" coveredmethods="0"/>
      <line num="7" count="0" type="stmt"/>
      <line num="8" count="0" type="stmt"/>
      <line num="11" count="0" type="stmt"/>
    </file>
    <file name="NumberOfEvents.js" path="/Users/birtegall/Workspace/CareerFoundry/meet/src/NumberOfEvents.js">
      <metrics statements="1" coveredstatements="0" conditionals="0" coveredconditionals="0" methods="1" coveredmethods="0"/>
      <line num="5" count="0" type="stmt"/>
    </file>
    <file name="mock-data.js" path="/Users/birtegall/Workspace/CareerFoundry/meet/src/mock-data.js">
      <metrics statements="1" coveredstatements="0" conditionals="0" coveredconditionals="0" methods="0" coveredmethods="0"/>
      <line num="1" count="0" type="stmt"/>
    </file>
  </project>
</coverage>
