{"/Users/birtegall/Workspace/CareerFoundry/meet/src/EventList.js": {"path":"/Users/birtegall/Workspace/CareerFoundry/meet/src/EventList.js","statementMap":{"0":{"start":{"line":7,"column":23},"end":{"line":7,"column":33}},"1":{"start":{"line":8,"column":4},"end":{"line":16,"column":6}},"2":{"start":{"line":11,"column":10},"end":{"line":13,"column":15}}},"fnMap":{"0":{"name":"(anonymous_0)","decl":{"start":{"line":6,"column":2},"end":{"line":6,"column":3}},"loc":{"start":{"line":6,"column":11},"end":{"line":17,"column":3}},"line":6},"1":{"name":"(anonymous_1)","decl":{"start":{"line":10,"column":20},"end":{"line":10,"column":21}},"loc":{"start":{"line":11,"column":10},"end":{"line":13,"column":15}},"line":11}},"branchMap":{},"s":{"0":0,"1":0,"2":0},"f":{"0":0,"1":0},"b":{}}
,"/Users/birtegall/Workspace/CareerFoundry/meet/src/NumberOfEvents.js": {"path":"/Users/birtegall/Workspace/CareerFoundry/meet/src/NumberOfEvents.js","statementMap":{"0":{"start":{"line":5,"column":4},"end":{"line":15,"column":10}}},"fnMap":{"0":{"name":"(anonymous_0)","decl":{"start":{"line":4,"column":2},"end":{"line":4,"column":3}},"loc":{"start":{"line":4,"column":11},"end":{"line":16,"column":3}},"line":4}},"branchMap":{},"s":{"0":0},"f":{"0":0},"b":{}}
,"/Users/birtegall/Workspace/CareerFoundry/meet/src/mock-data.js": {"path":"/Users/birtegall/Workspace/CareerFoundry/meet/src/mock-data.js","statementMap":{"0":{"start":{"line":1,"column":17},"end":{"line":958,"column":1}}},"fnMap":{},"branchMap":{},"s":{"0":0},"f":{},"b":{}}
}
